0 info it worked if it ends with ok
1 verbose cli [ '/usr/bin/nodejs', '/usr/bin/npm', 'install', 'core' ]
2 info using npm@3.5.2
3 info using node@v4.2.6
4 silly loadCurrentTree Starting
5 silly install loadCurrentTree
6 silly install readLocalPackageData
7 silly fetchPackageMetaData core
8 silly fetchNamedPackageData core
9 silly mapToRegistry name core
10 silly mapToRegistry using default registry
11 silly mapToRegistry registry https://registry.npmjs.org/
12 silly mapToRegistry uri https://registry.npmjs.org/core
13 verbose request uri https://registry.npmjs.org/core
14 verbose request no auth needed
15 info attempt registry request try #1 at 22:23:11
16 verbose request id c3df1317bb752f2d
17 verbose etag "C6V9EZ4A0D25XCAX75WZG1CP9"
18 http request GET https://registry.npmjs.org/core
19 http 304 https://registry.npmjs.org/core
20 verbose headers { date: 'Fri, 26 Aug 2016 21:23:11 GMT',
20 verbose headers   via: '1.1 varnish',
20 verbose headers   'cache-control': 'max-age=300',
20 verbose headers   etag: '"C6V9EZ4A0D25XCAX75WZG1CP9"',
20 verbose headers   age: '57',
20 verbose headers   connection: 'keep-alive',
20 verbose headers   'x-served-by': 'cache-lcy1124-LCY',
20 verbose headers   'x-cache': 'HIT',
20 verbose headers   'x-cache-hits': '1',
20 verbose headers   'x-timer': 'S1472246591.698160,VS0,VE0',
20 verbose headers   vary: 'Accept-Encoding' }
21 silly get cb [ 304,
21 silly get   { date: 'Fri, 26 Aug 2016 21:23:11 GMT',
21 silly get     via: '1.1 varnish',
21 silly get     'cache-control': 'max-age=300',
21 silly get     etag: '"C6V9EZ4A0D25XCAX75WZG1CP9"',
21 silly get     age: '57',
21 silly get     connection: 'keep-alive',
21 silly get     'x-served-by': 'cache-lcy1124-LCY',
21 silly get     'x-cache': 'HIT',
21 silly get     'x-cache-hits': '1',
21 silly get     'x-timer': 'S1472246591.698160,VS0,VE0',
21 silly get     vary: 'Accept-Encoding' } ]
22 verbose etag https://registry.npmjs.org/core from cache
23 verbose get saving core to /home/smrcascao/.npm/registry.npmjs.org/core/.cache.json
24 silly install normalizeTree
25 silly loadCurrentTree Finishing
26 silly loadIdealTree Starting
27 silly install loadIdealTree
28 silly cloneCurrentTree Starting
29 silly install cloneCurrentTreeToIdealTree
30 silly cloneCurrentTree Finishing
31 silly loadShrinkwrap Starting
32 silly install loadShrinkwrap
33 silly loadShrinkwrap Finishing
34 silly loadAllDepsIntoIdealTree Starting
35 silly install loadAllDepsIntoIdealTree
36 silly resolveWithNewModule core@0.7.209 checking installable status
37 silly cache add args [ 'core', null ]
38 verbose cache add spec core
39 silly cache add parsed spec Result {
39 silly cache add   raw: 'core',
39 silly cache add   scope: null,
39 silly cache add   name: 'core',
39 silly cache add   rawSpec: '',
39 silly cache add   spec: 'latest',
39 silly cache add   type: 'tag' }
40 silly addNamed core@latest
41 verbose addNamed "latest" is being treated as a dist-tag for core
42 info addNameTag [ 'core', 'latest' ]
43 silly mapToRegistry name core
44 silly mapToRegistry using default registry
45 silly mapToRegistry registry https://registry.npmjs.org/
46 silly mapToRegistry uri https://registry.npmjs.org/core
47 verbose addNameTag registry:https://registry.npmjs.org/core not in flight; fetching
48 verbose get https://registry.npmjs.org/core not expired, no request
49 silly addNameTag next cb for core with tag latest
50 silly addNamed core@0.7.209
51 verbose addNamed "0.7.209" is a plain semver version for core
52 silly mapToRegistry name core
53 silly mapToRegistry using default registry
54 silly mapToRegistry registry https://registry.npmjs.org/
55 silly mapToRegistry uri https://registry.npmjs.org/core
56 verbose addRemoteTarball https://registry.npmjs.org/core/-/core-0.7.209.tgz not in flight; adding
57 verbose addRemoteTarball [ 'https://registry.npmjs.org/core/-/core-0.7.209.tgz',
57 verbose addRemoteTarball   '7d3cfba664110e599d19148e7283e3ef1d4b5d37' ]
58 info retry fetch attempt 1 at 22:23:11
59 info attempt registry request try #1 at 22:23:11
60 http fetch GET https://registry.npmjs.org/core/-/core-0.7.209.tgz
61 http fetch 200 https://registry.npmjs.org/core/-/core-0.7.209.tgz
62 silly fetchAndShaCheck shasum 7d3cfba664110e599d19148e7283e3ef1d4b5d37
63 verbose addTmpTarball /tmp/npm-28368-392c6343/registry.npmjs.org/core/-/core-0.7.209.tgz not in flight; adding
64 verbose addTmpTarball already have metadata; skipping unpack for core@0.7.209
65 silly cache afterAdd core@0.7.209
66 verbose afterAdd /home/smrcascao/.npm/core/0.7.209/package/package.json not in flight; writing
67 verbose afterAdd /home/smrcascao/.npm/core/0.7.209/package/package.json written
68 silly fetchNamedPackageData libyaml
69 silly mapToRegistry name libyaml
70 silly mapToRegistry using default registry
71 silly mapToRegistry registry https://registry.npmjs.org/
72 silly mapToRegistry uri https://registry.npmjs.org/libyaml
73 silly fetchNamedPackageData base64
74 silly mapToRegistry name base64
75 silly mapToRegistry using default registry
76 silly mapToRegistry registry https://registry.npmjs.org/
77 silly mapToRegistry uri https://registry.npmjs.org/base64
78 silly fetchNamedPackageData iconv
79 silly mapToRegistry name iconv
80 silly mapToRegistry using default registry
81 silly mapToRegistry registry https://registry.npmjs.org/
82 silly mapToRegistry uri https://registry.npmjs.org/iconv
83 silly fetchNamedPackageData compress-buffer-crc32
84 silly mapToRegistry name compress-buffer-crc32
85 silly mapToRegistry using default registry
86 silly mapToRegistry registry https://registry.npmjs.org/
87 silly mapToRegistry uri https://registry.npmjs.org/compress-buffer-crc32
88 silly fetchNamedPackageData mime
89 silly mapToRegistry name mime
90 silly mapToRegistry using default registry
91 silly mapToRegistry registry https://registry.npmjs.org/
92 silly mapToRegistry uri https://registry.npmjs.org/mime
93 silly fetchNamedPackageData stacktrace
94 silly mapToRegistry name stacktrace
95 silly mapToRegistry using default registry
96 silly mapToRegistry registry https://registry.npmjs.org/
97 silly mapToRegistry uri https://registry.npmjs.org/stacktrace
98 silly fetchNamedPackageData hiredis
99 silly mapToRegistry name hiredis
100 silly mapToRegistry using default registry
101 silly mapToRegistry registry https://registry.npmjs.org/
102 silly mapToRegistry uri https://registry.npmjs.org/hiredis
103 silly fetchNamedPackageData amqp-node4
104 silly mapToRegistry name amqp-node4
105 silly mapToRegistry using default registry
106 silly mapToRegistry registry https://registry.npmjs.org/
107 silly mapToRegistry uri https://registry.npmjs.org/amqp-node4
108 silly fetchNamedPackageData rewire
109 silly mapToRegistry name rewire
110 silly mapToRegistry using default registry
111 silly mapToRegistry registry https://registry.npmjs.org/
112 silly mapToRegistry uri https://registry.npmjs.org/rewire
113 silly fetchOtherPackageData knox@git+http://stash.grupa.onet/scm/oacc/node04-knox.git#dl-0.8.6-node4
114 silly cache add args [ 'knox@git+http://stash.grupa.onet/scm/oacc/node04-knox.git#dl-0.8.6-node4',
114 silly cache add   null ]
115 verbose cache add spec knox@git+http://stash.grupa.onet/scm/oacc/node04-knox.git#dl-0.8.6-node4
116 verbose request uri https://registry.npmjs.org/libyaml
117 verbose request no auth needed
118 info attempt registry request try #1 at 22:23:13
119 http request GET https://registry.npmjs.org/libyaml
120 verbose request uri https://registry.npmjs.org/base64
121 verbose request no auth needed
122 info attempt registry request try #1 at 22:23:13
123 http request GET https://registry.npmjs.org/base64
124 verbose request uri https://registry.npmjs.org/compress-buffer-crc32
125 verbose request no auth needed
126 info attempt registry request try #1 at 22:23:13
127 http request GET https://registry.npmjs.org/compress-buffer-crc32
128 verbose request uri https://registry.npmjs.org/amqp-node4
129 verbose request no auth needed
130 info attempt registry request try #1 at 22:23:13
131 http request GET https://registry.npmjs.org/amqp-node4
132 silly cache add parsed spec Result {
132 silly cache add   raw: 'knox@git+http://stash.grupa.onet/scm/oacc/node04-knox.git#dl-0.8.6-node4',
132 silly cache add   scope: null,
132 silly cache add   name: 'knox',
132 silly cache add   rawSpec: 'git+http://stash.grupa.onet/scm/oacc/node04-knox.git#dl-0.8.6-node4',
132 silly cache add   spec: 'http://stash.grupa.onet/scm/oacc/node04-knox.git#dl-0.8.6-node4',
132 silly cache add   type: 'git' }
133 verbose addRemoteGit caching git+http://stash.grupa.onet/scm/oacc/node04-knox.git#dl-0.8.6-node4
134 silly tryClone cloning git+http://stash.grupa.onet/scm/oacc/node04-knox.git#dl-0.8.6-node4 via git+http://stash.grupa.onet/scm/oacc/node04-knox.git#dl-0.8.6-node4
135 verbose tryClone git-http-stash-grupa-onet-scm-oacc-node04-knox-git-dl-0-8-6-node4-2a4e277a not in flight; caching
136 verbose request uri https://registry.npmjs.org/iconv
137 verbose request no auth needed
138 info attempt registry request try #1 at 22:23:13
139 verbose etag "9JG4SOKO32VUZE37FVW2YBDGV"
140 http request GET https://registry.npmjs.org/iconv
141 verbose request uri https://registry.npmjs.org/stacktrace
142 verbose request no auth needed
143 info attempt registry request try #1 at 22:23:13
144 verbose etag "3SVJTB2CSXJ15DACL40971BSY"
145 http request GET https://registry.npmjs.org/stacktrace
146 verbose request uri https://registry.npmjs.org/hiredis
147 verbose request no auth needed
148 info attempt registry request try #1 at 22:23:13
149 verbose etag "9YU1XAV9AH1YH7OBHI8CICMO4"
150 http request GET https://registry.npmjs.org/hiredis
151 verbose request uri https://registry.npmjs.org/mime
152 verbose request no auth needed
153 info attempt registry request try #1 at 22:23:13
154 verbose etag "7V8ATNV70Z0P69FM1KT5I71ZG"
155 http request GET https://registry.npmjs.org/mime
156 verbose request uri https://registry.npmjs.org/rewire
157 verbose request no auth needed
158 info attempt registry request try #1 at 22:23:13
159 verbose etag "9XKUFP6WYOBTN5WQ8AT23IX8W"
160 http request GET https://registry.npmjs.org/rewire
161 info git [ 'clone',
161 info git   '--template=/home/smrcascao/.npm/_git-remotes/_templates',
161 info git   '--mirror',
161 info git   'http://stash.grupa.onet/scm/oacc/node04-knox.git',
161 info git   '/home/smrcascao/.npm/_git-remotes/git-http-stash-grupa-onet-scm-oacc-node04-knox-git-dl-0-8-6-node4-2a4e277a' ]
162 error git clone --template=/home/smrcascao/.npm/_git-remotes/_templates --mirror http://stash.grupa.onet/scm/oacc/node04-knox.git /home/smrcascao/.npm/_git-remotes/git-http-stash-grupa-onet-scm-oacc-node04-knox-git-dl-0-8-6-node4-2a4e277a: Cloning into bare repository '/home/smrcascao/.npm/_git-remotes/git-http-stash-grupa-onet-scm-oacc-node04-knox-git-dl-0-8-6-node4-2a4e277a'...
162 error git clone --template=/home/smrcascao/.npm/_git-remotes/_templates --mirror http://stash.grupa.onet/scm/oacc/node04-knox.git /home/smrcascao/.npm/_git-remotes/git-http-stash-grupa-onet-scm-oacc-node04-knox-git-dl-0-8-6-node4-2a4e277a: fatal: unable to access 'http://stash.grupa.onet/scm/oacc/node04-knox.git/': Could not resolve host: stash.grupa.onet
163 silly fetchPackageMetaData Error: Command failed: git clone --template=/home/smrcascao/.npm/_git-remotes/_templates --mirror http://stash.grupa.onet/scm/oacc/node04-knox.git /home/smrcascao/.npm/_git-remotes/git-http-stash-grupa-onet-scm-oacc-node04-knox-git-dl-0-8-6-node4-2a4e277a
163 silly fetchPackageMetaData Cloning into bare repository '/home/smrcascao/.npm/_git-remotes/git-http-stash-grupa-onet-scm-oacc-node04-knox-git-dl-0-8-6-node4-2a4e277a'...
163 silly fetchPackageMetaData fatal: unable to access 'http://stash.grupa.onet/scm/oacc/node04-knox.git/': Could not resolve host: stash.grupa.onet
163 silly fetchPackageMetaData
163 silly fetchPackageMetaData     at ChildProcess.exithandler (child_process.js:213:12)
163 silly fetchPackageMetaData     at emitTwo (events.js:87:13)
163 silly fetchPackageMetaData     at ChildProcess.emit (events.js:172:7)
163 silly fetchPackageMetaData     at maybeClose (internal/child_process.js:821:16)
163 silly fetchPackageMetaData     at Process.ChildProcess._handle.onexit (internal/child_process.js:211:5)
163 silly fetchPackageMetaData  error for knox@git+http://stash.grupa.onet/scm/oacc/node04-knox.git#dl-0.8.6-node4 { [Error: Command failed: git clone --template=/home/smrcascao/.npm/_git-remotes/_templates --mirror http://stash.grupa.onet/scm/oacc/node04-knox.git /home/smrcascao/.npm/_git-remotes/git-http-stash-grupa-onet-scm-oacc-node04-knox-git-dl-0-8-6-node4-2a4e277a
163 silly fetchPackageMetaData Cloning into bare repository '/home/smrcascao/.npm/_git-remotes/git-http-stash-grupa-onet-scm-oacc-node04-knox-git-dl-0-8-6-node4-2a4e277a'...
163 silly fetchPackageMetaData fatal: unable to access 'http://stash.grupa.onet/scm/oacc/node04-knox.git/': Could not resolve host: stash.grupa.onet
163 silly fetchPackageMetaData ]
163 silly fetchPackageMetaData   killed: false,
163 silly fetchPackageMetaData   code: 128,
163 silly fetchPackageMetaData   signal: null,
163 silly fetchPackageMetaData   cmd: 'git clone --template=/home/smrcascao/.npm/_git-remotes/_templates --mirror http://stash.grupa.onet/scm/oacc/node04-knox.git /home/smrcascao/.npm/_git-remotes/git-http-stash-grupa-onet-scm-oacc-node04-knox-git-dl-0-8-6-node4-2a4e277a' }
164 http 304 https://registry.npmjs.org/iconv
165 verbose headers { date: 'Fri, 26 Aug 2016 21:23:13 GMT',
165 verbose headers   via: '1.1 varnish',
165 verbose headers   'cache-control': 'max-age=300',
165 verbose headers   etag: '"9JG4SOKO32VUZE37FVW2YBDGV"',
165 verbose headers   age: '57',
165 verbose headers   connection: 'keep-alive',
165 verbose headers   'x-served-by': 'cache-lcy1122-LCY',
165 verbose headers   'x-cache': 'HIT',
165 verbose headers   'x-cache-hits': '1',
165 verbose headers   'x-timer': 'S1472246593.373576,VS0,VE0',
165 verbose headers   vary: 'Accept-Encoding' }
166 silly get cb [ 304,
166 silly get   { date: 'Fri, 26 Aug 2016 21:23:13 GMT',
166 silly get     via: '1.1 varnish',
166 silly get     'cache-control': 'max-age=300',
166 silly get     etag: '"9JG4SOKO32VUZE37FVW2YBDGV"',
166 silly get     age: '57',
166 silly get     connection: 'keep-alive',
166 silly get     'x-served-by': 'cache-lcy1122-LCY',
166 silly get     'x-cache': 'HIT',
166 silly get     'x-cache-hits': '1',
166 silly get     'x-timer': 'S1472246593.373576,VS0,VE0',
166 silly get     vary: 'Accept-Encoding' } ]
167 verbose etag https://registry.npmjs.org/iconv from cache
168 verbose get saving iconv to /home/smrcascao/.npm/registry.npmjs.org/iconv/.cache.json
169 silly resolveWithNewModule iconv@1.1.2 checking installable status
170 silly cache add args [ 'iconv@1.1.2', null ]
171 verbose cache add spec iconv@1.1.2
172 silly cache add parsed spec Result {
172 silly cache add   raw: 'iconv@1.1.2',
172 silly cache add   scope: null,
172 silly cache add   name: 'iconv',
172 silly cache add   rawSpec: '1.1.2',
172 silly cache add   spec: '1.1.2',
172 silly cache add   type: 'version' }
173 silly addNamed iconv@1.1.2
174 verbose addNamed "1.1.2" is a plain semver version for iconv
175 silly mapToRegistry name iconv
176 silly mapToRegistry using default registry
177 silly mapToRegistry registry https://registry.npmjs.org/
178 silly mapToRegistry uri https://registry.npmjs.org/iconv
179 verbose addNameVersion registry:https://registry.npmjs.org/iconv not in flight; fetching
180 http 304 https://registry.npmjs.org/hiredis
181 verbose headers { date: 'Fri, 26 Aug 2016 21:23:13 GMT',
181 verbose headers   via: '1.1 varnish',
181 verbose headers   'cache-control': 'max-age=300',
181 verbose headers   etag: '"9YU1XAV9AH1YH7OBHI8CICMO4"',
181 verbose headers   age: '57',
181 verbose headers   connection: 'keep-alive',
181 verbose headers   'x-served-by': 'cache-lcy1125-LCY',
181 verbose headers   'x-cache': 'HIT',
181 verbose headers   'x-cache-hits': '1',
181 verbose headers   'x-timer': 'S1472246593.375263,VS0,VE0',
181 verbose headers   vary: 'Accept-Encoding' }
182 silly get cb [ 304,
182 silly get   { date: 'Fri, 26 Aug 2016 21:23:13 GMT',
182 silly get     via: '1.1 varnish',
182 silly get     'cache-control': 'max-age=300',
182 silly get     etag: '"9YU1XAV9AH1YH7OBHI8CICMO4"',
182 silly get     age: '57',
182 silly get     connection: 'keep-alive',
182 silly get     'x-served-by': 'cache-lcy1125-LCY',
182 silly get     'x-cache': 'HIT',
182 silly get     'x-cache-hits': '1',
182 silly get     'x-timer': 'S1472246593.375263,VS0,VE0',
182 silly get     vary: 'Accept-Encoding' } ]
183 verbose etag https://registry.npmjs.org/hiredis from cache
184 verbose get saving hiredis to /home/smrcascao/.npm/registry.npmjs.org/hiredis/.cache.json
185 http 304 https://registry.npmjs.org/stacktrace
186 verbose headers { date: 'Fri, 26 Aug 2016 21:23:13 GMT',
186 verbose headers   via: '1.1 varnish',
186 verbose headers   'cache-control': 'max-age=300',
186 verbose headers   etag: '"3SVJTB2CSXJ15DACL40971BSY"',
186 verbose headers   age: '57',
186 verbose headers   connection: 'keep-alive',
186 verbose headers   'x-served-by': 'cache-lcy1122-LCY',
186 verbose headers   'x-cache': 'HIT',
186 verbose headers   'x-cache-hits': '1',
186 verbose headers   'x-timer': 'S1472246593.385242,VS0,VE0',
186 verbose headers   vary: 'Accept-Encoding' }
187 silly get cb [ 304,
187 silly get   { date: 'Fri, 26 Aug 2016 21:23:13 GMT',
187 silly get     via: '1.1 varnish',
187 silly get     'cache-control': 'max-age=300',
187 silly get     etag: '"3SVJTB2CSXJ15DACL40971BSY"',
187 silly get     age: '57',
187 silly get     connection: 'keep-alive',
187 silly get     'x-served-by': 'cache-lcy1122-LCY',
187 silly get     'x-cache': 'HIT',
187 silly get     'x-cache-hits': '1',
187 silly get     'x-timer': 'S1472246593.385242,VS0,VE0',
187 silly get     vary: 'Accept-Encoding' } ]
188 verbose etag https://registry.npmjs.org/stacktrace from cache
189 verbose get saving stacktrace to /home/smrcascao/.npm/registry.npmjs.org/stacktrace/.cache.json
190 verbose get https://registry.npmjs.org/iconv not expired, no request
191 silly mapToRegistry name iconv
192 silly mapToRegistry using default registry
193 silly mapToRegistry registry https://registry.npmjs.org/
194 silly mapToRegistry uri https://registry.npmjs.org/iconv
195 verbose addRemoteTarball https://registry.npmjs.org/iconv/-/iconv-1.1.2.tgz not in flight; adding
196 verbose addRemoteTarball [ 'https://registry.npmjs.org/iconv/-/iconv-1.1.2.tgz',
196 verbose addRemoteTarball   '779d3bcf64c3f8c2e5ebc6637e42b1c4470b57e1' ]
197 info retry fetch attempt 1 at 22:23:13
198 info attempt registry request try #1 at 22:23:13
199 http fetch GET https://registry.npmjs.org/iconv/-/iconv-1.1.2.tgz
200 silly resolveWithNewModule hiredis@0.1.17 checking installable status
201 silly cache add args [ 'hiredis@~0.1.14', null ]
202 verbose cache add spec hiredis@~0.1.14
203 silly cache add parsed spec Result {
203 silly cache add   raw: 'hiredis@~0.1.14',
203 silly cache add   scope: null,
203 silly cache add   name: 'hiredis',
203 silly cache add   rawSpec: '~0.1.14',
203 silly cache add   spec: '>=0.1.14 <0.2.0',
203 silly cache add   type: 'range' }
204 silly addNamed hiredis@>=0.1.14 <0.2.0
205 verbose addNamed ">=0.1.14 <0.2.0" is a valid semver range for hiredis
206 silly addNameRange { name: 'hiredis', range: '>=0.1.14 <0.2.0', hasData: false }
207 silly mapToRegistry name hiredis
208 silly mapToRegistry using default registry
209 silly mapToRegistry registry https://registry.npmjs.org/
210 silly mapToRegistry uri https://registry.npmjs.org/hiredis
211 verbose addNameRange registry:https://registry.npmjs.org/hiredis not in flight; fetching
212 silly resolveWithNewModule stacktrace@1.0.0 checking installable status
213 silly cache add args [ 'stacktrace@1.0.0', null ]
214 verbose cache add spec stacktrace@1.0.0
215 silly cache add parsed spec Result {
215 silly cache add   raw: 'stacktrace@1.0.0',
215 silly cache add   scope: null,
215 silly cache add   name: 'stacktrace',
215 silly cache add   rawSpec: '1.0.0',
215 silly cache add   spec: '1.0.0',
215 silly cache add   type: 'version' }
216 silly addNamed stacktrace@1.0.0
217 verbose addNamed "1.0.0" is a plain semver version for stacktrace
218 silly mapToRegistry name stacktrace
219 silly mapToRegistry using default registry
220 silly mapToRegistry registry https://registry.npmjs.org/
221 silly mapToRegistry uri https://registry.npmjs.org/stacktrace
222 verbose addNameVersion registry:https://registry.npmjs.org/stacktrace not in flight; fetching
223 verbose get https://registry.npmjs.org/hiredis not expired, no request
224 silly addNameRange number 2 { name: 'hiredis', range: '>=0.1.14 <0.2.0', hasData: true }
225 silly addNameRange versions [ 'hiredis',
225 silly addNameRange   [ '0.1.0',
225 silly addNameRange     '0.1.1',
225 silly addNameRange     '0.1.2',
225 silly addNameRange     '0.1.3',
225 silly addNameRange     '0.1.4',
225 silly addNameRange     '0.1.5',
225 silly addNameRange     '0.1.6',
225 silly addNameRange     '0.1.8',
225 silly addNameRange     '0.1.9',
225 silly addNameRange     '0.1.10',
225 silly addNameRange     '0.1.12',
225 silly addNameRange     '0.1.13',
225 silly addNameRange     '0.1.14',
225 silly addNameRange     '0.1.15',
225 silly addNameRange     '0.1.16',
225 silly addNameRange     '0.1.17',
225 silly addNameRange     '0.2.0',
225 silly addNameRange     '0.3.0',
225 silly addNameRange     '0.4.0',
225 silly addNameRange     '0.4.1',
225 silly addNameRange     '0.5.0' ] ]
226 silly addNamed hiredis@0.1.17
227 verbose addNamed "0.1.17" is a plain semver version for hiredis
228 verbose get https://registry.npmjs.org/stacktrace not expired, no request
229 silly mapToRegistry name stacktrace
230 silly mapToRegistry using default registry
231 silly mapToRegistry registry https://registry.npmjs.org/
232 silly mapToRegistry uri https://registry.npmjs.org/stacktrace
233 verbose addRemoteTarball https://registry.npmjs.org/stacktrace/-/stacktrace-1.0.0.tgz not in flight; adding
234 verbose addRemoteTarball [ 'https://registry.npmjs.org/stacktrace/-/stacktrace-1.0.0.tgz',
234 verbose addRemoteTarball   '8310c2ec8195a461b0f955685c37307d74cfe826' ]
235 http 304 https://registry.npmjs.org/mime
236 verbose headers { date: 'Fri, 26 Aug 2016 21:23:13 GMT',
236 verbose headers   via: '1.1 varnish',
236 verbose headers   'cache-control': 'max-age=300',
236 verbose headers   etag: '"7V8ATNV70Z0P69FM1KT5I71ZG"',
236 verbose headers   age: '46',
236 verbose headers   connection: 'keep-alive',
236 verbose headers   'x-served-by': 'cache-lcy1133-LCY',
236 verbose headers   'x-cache': 'HIT',
236 verbose headers   'x-cache-hits': '2',
236 verbose headers   'x-timer': 'S1472246593.400543,VS0,VE0',
236 verbose headers   vary: 'Accept-Encoding' }
237 silly get cb [ 304,
237 silly get   { date: 'Fri, 26 Aug 2016 21:23:13 GMT',
237 silly get     via: '1.1 varnish',
237 silly get     'cache-control': 'max-age=300',
237 silly get     etag: '"7V8ATNV70Z0P69FM1KT5I71ZG"',
237 silly get     age: '46',
237 silly get     connection: 'keep-alive',
237 silly get     'x-served-by': 'cache-lcy1133-LCY',
237 silly get     'x-cache': 'HIT',
237 silly get     'x-cache-hits': '2',
237 silly get     'x-timer': 'S1472246593.400543,VS0,VE0',
237 silly get     vary: 'Accept-Encoding' } ]
238 verbose etag https://registry.npmjs.org/mime from cache
239 verbose get saving mime to /home/smrcascao/.npm/registry.npmjs.org/mime/.cache.json
240 http 304 https://registry.npmjs.org/rewire
241 verbose headers { date: 'Fri, 26 Aug 2016 21:23:13 GMT',
241 verbose headers   via: '1.1 varnish',
241 verbose headers   'cache-control': 'max-age=300',
241 verbose headers   etag: '"9XKUFP6WYOBTN5WQ8AT23IX8W"',
241 verbose headers   age: '247',
241 verbose headers   connection: 'keep-alive',
241 verbose headers   'x-served-by': 'cache-lcy1131-LCY',
241 verbose headers   'x-cache': 'HIT',
241 verbose headers   'x-cache-hits': '1',
241 verbose headers   'x-timer': 'S1472246593.405932,VS0,VE0',
241 verbose headers   vary: 'Accept-Encoding' }
242 silly get cb [ 304,
242 silly get   { date: 'Fri, 26 Aug 2016 21:23:13 GMT',
242 silly get     via: '1.1 varnish',
242 silly get     'cache-control': 'max-age=300',
242 silly get     etag: '"9XKUFP6WYOBTN5WQ8AT23IX8W"',
242 silly get     age: '247',
242 silly get     connection: 'keep-alive',
242 silly get     'x-served-by': 'cache-lcy1131-LCY',
242 silly get     'x-cache': 'HIT',
242 silly get     'x-cache-hits': '1',
242 silly get     'x-timer': 'S1472246593.405932,VS0,VE0',
242 silly get     vary: 'Accept-Encoding' } ]
243 verbose etag https://registry.npmjs.org/rewire from cache
244 verbose get saving rewire to /home/smrcascao/.npm/registry.npmjs.org/rewire/.cache.json
245 info retry fetch attempt 1 at 22:23:13
246 info attempt registry request try #1 at 22:23:13
247 http fetch GET https://registry.npmjs.org/stacktrace/-/stacktrace-1.0.0.tgz
248 silly cache afterAdd hiredis@0.1.17
249 verbose afterAdd /home/smrcascao/.npm/hiredis/0.1.17/package/package.json not in flight; writing
250 silly resolveWithNewModule mime@1.2.7 checking installable status
251 silly cache add args [ 'mime@1.2.7', null ]
252 verbose cache add spec mime@1.2.7
253 silly cache add parsed spec Result {
253 silly cache add   raw: 'mime@1.2.7',
253 silly cache add   scope: null,
253 silly cache add   name: 'mime',
253 silly cache add   rawSpec: '1.2.7',
253 silly cache add   spec: '1.2.7',
253 silly cache add   type: 'version' }
254 silly addNamed mime@1.2.7
255 verbose addNamed "1.2.7" is a plain semver version for mime
256 silly mapToRegistry name mime
257 silly mapToRegistry using default registry
258 silly mapToRegistry registry https://registry.npmjs.org/
259 silly mapToRegistry uri https://registry.npmjs.org/mime
260 verbose addNameVersion registry:https://registry.npmjs.org/mime not in flight; fetching
261 silly resolveWithNewModule rewire@1.1.2 checking installable status
262 silly cache add args [ 'rewire@1.1.2', null ]
263 verbose cache add spec rewire@1.1.2
264 silly cache add parsed spec Result {
264 silly cache add   raw: 'rewire@1.1.2',
264 silly cache add   scope: null,
264 silly cache add   name: 'rewire',
264 silly cache add   rawSpec: '1.1.2',
264 silly cache add   spec: '1.1.2',
264 silly cache add   type: 'version' }
265 silly addNamed rewire@1.1.2
266 verbose addNamed "1.1.2" is a plain semver version for rewire
267 silly mapToRegistry name rewire
268 silly mapToRegistry using default registry
269 silly mapToRegistry registry https://registry.npmjs.org/
270 silly mapToRegistry uri https://registry.npmjs.org/rewire
271 verbose addNameVersion registry:https://registry.npmjs.org/rewire not in flight; fetching
272 verbose afterAdd /home/smrcascao/.npm/hiredis/0.1.17/package/package.json written
273 verbose get https://registry.npmjs.org/mime not expired, no request
274 silly mapToRegistry name mime
275 silly mapToRegistry using default registry
276 silly mapToRegistry registry https://registry.npmjs.org/
277 silly mapToRegistry uri https://registry.npmjs.org/mime
278 verbose addRemoteTarball https://registry.npmjs.org/mime/-/mime-1.2.7.tgz not in flight; adding
279 verbose addRemoteTarball [ 'https://registry.npmjs.org/mime/-/mime-1.2.7.tgz',
279 verbose addRemoteTarball   'c7a13f33a7073d9900f288436b06b3a16200865b' ]
280 verbose get https://registry.npmjs.org/rewire not expired, no request
281 silly mapToRegistry name rewire
282 silly mapToRegistry using default registry
283 silly mapToRegistry registry https://registry.npmjs.org/
284 silly mapToRegistry uri https://registry.npmjs.org/rewire
285 verbose addRemoteTarball https://registry.npmjs.org/rewire/-/rewire-1.1.2.tgz not in flight; adding
286 verbose addRemoteTarball [ 'https://registry.npmjs.org/rewire/-/rewire-1.1.2.tgz',
286 verbose addRemoteTarball   'ca2297e3562b453d0829b3563ddd3734dba144ef' ]
287 info retry fetch attempt 1 at 22:23:13
288 info attempt registry request try #1 at 22:23:13
289 http fetch GET https://registry.npmjs.org/mime/-/mime-1.2.7.tgz
290 info retry fetch attempt 1 at 22:23:13
291 info attempt registry request try #1 at 22:23:13
292 http fetch GET https://registry.npmjs.org/rewire/-/rewire-1.1.2.tgz
293 http fetch 200 https://registry.npmjs.org/mime/-/mime-1.2.7.tgz
294 silly fetchAndShaCheck shasum c7a13f33a7073d9900f288436b06b3a16200865b
295 verbose addTmpTarball /tmp/npm-28368-392c6343/registry.npmjs.org/mime/-/mime-1.2.7.tgz not in flight; adding
296 verbose addTmpTarball already have metadata; skipping unpack for mime@1.2.7
297 silly cache afterAdd mime@1.2.7
298 verbose afterAdd /home/smrcascao/.npm/mime/1.2.7/package/package.json not in flight; writing
299 verbose afterAdd /home/smrcascao/.npm/mime/1.2.7/package/package.json written
300 http fetch 200 https://registry.npmjs.org/rewire/-/rewire-1.1.2.tgz
301 http fetch 200 https://registry.npmjs.org/stacktrace/-/stacktrace-1.0.0.tgz
302 http 200 https://registry.npmjs.org/base64
303 verbose headers { server: 'CouchDB/1.5.0 (Erlang OTP/R16B03)',
303 verbose headers   etag: '"2HUBENGYKYW770NDYMFRC95I0"',
303 verbose headers   'content-type': 'application/json',
303 verbose headers   'content-encoding': 'gzip',
303 verbose headers   'cache-control': 'max-age=300',
303 verbose headers   'content-length': '2484',
303 verbose headers   'accept-ranges': 'bytes',
303 verbose headers   date: 'Fri, 26 Aug 2016 21:23:13 GMT',
303 verbose headers   via: '1.1 varnish',
303 verbose headers   age: '0',
303 verbose headers   connection: 'keep-alive',
303 verbose headers   'x-served-by': 'cache-lcy1129-LCY',
303 verbose headers   'x-cache': 'MISS',
303 verbose headers   'x-cache-hits': '0',
303 verbose headers   'x-timer': 'S1472246593.362404,VS0,VE357',
303 verbose headers   vary: 'Accept-Encoding' }
304 silly get cb [ 200,
304 silly get   { server: 'CouchDB/1.5.0 (Erlang OTP/R16B03)',
304 silly get     etag: '"2HUBENGYKYW770NDYMFRC95I0"',
304 silly get     'content-type': 'application/json',
304 silly get     'content-encoding': 'gzip',
304 silly get     'cache-control': 'max-age=300',
304 silly get     'content-length': '2484',
304 silly get     'accept-ranges': 'bytes',
304 silly get     date: 'Fri, 26 Aug 2016 21:23:13 GMT',
304 silly get     via: '1.1 varnish',
304 silly get     age: '0',
304 silly get     connection: 'keep-alive',
304 silly get     'x-served-by': 'cache-lcy1129-LCY',
304 silly get     'x-cache': 'MISS',
304 silly get     'x-cache-hits': '0',
304 silly get     'x-timer': 'S1472246593.362404,VS0,VE357',
304 silly get     vary: 'Accept-Encoding' } ]
305 verbose get saving base64 to /home/smrcascao/.npm/registry.npmjs.org/base64/.cache.json
306 silly fetchAndShaCheck shasum ca2297e3562b453d0829b3563ddd3734dba144ef
307 verbose addTmpTarball /tmp/npm-28368-392c6343/registry.npmjs.org/rewire/-/rewire-1.1.2.tgz not in flight; adding
308 verbose addTmpTarball already have metadata; skipping unpack for rewire@1.1.2
309 silly fetchAndShaCheck shasum 8310c2ec8195a461b0f955685c37307d74cfe826
310 http 200 https://registry.npmjs.org/libyaml
311 verbose headers { server: 'CouchDB/1.5.0 (Erlang OTP/R16B03)',
311 verbose headers   etag: '"3DI8DCS57R4JQ0QCSTPH9F69H"',
311 verbose headers   'content-type': 'application/json',
311 verbose headers   'content-encoding': 'gzip',
311 verbose headers   'cache-control': 'max-age=300',
311 verbose headers   'content-length': '2583',
311 verbose headers   'accept-ranges': 'bytes',
311 verbose headers   date: 'Fri, 26 Aug 2016 21:23:13 GMT',
311 verbose headers   via: '1.1 varnish',
311 verbose headers   age: '0',
311 verbose headers   connection: 'keep-alive',
311 verbose headers   'x-served-by': 'cache-lcy1124-LCY',
311 verbose headers   'x-cache': 'MISS',
311 verbose headers   'x-cache-hits': '0',
311 verbose headers   'x-timer': 'S1472246593.374699,VS0,VE361',
311 verbose headers   vary: 'Accept-Encoding' }
312 silly get cb [ 200,
312 silly get   { server: 'CouchDB/1.5.0 (Erlang OTP/R16B03)',
312 silly get     etag: '"3DI8DCS57R4JQ0QCSTPH9F69H"',
312 silly get     'content-type': 'application/json',
312 silly get     'content-encoding': 'gzip',
312 silly get     'cache-control': 'max-age=300',
312 silly get     'content-length': '2583',
312 silly get     'accept-ranges': 'bytes',
312 silly get     date: 'Fri, 26 Aug 2016 21:23:13 GMT',
312 silly get     via: '1.1 varnish',
312 silly get     age: '0',
312 silly get     connection: 'keep-alive',
312 silly get     'x-served-by': 'cache-lcy1124-LCY',
312 silly get     'x-cache': 'MISS',
312 silly get     'x-cache-hits': '0',
312 silly get     'x-timer': 'S1472246593.374699,VS0,VE361',
312 silly get     vary: 'Accept-Encoding' } ]
313 verbose get saving libyaml to /home/smrcascao/.npm/registry.npmjs.org/libyaml/.cache.json
314 verbose addTmpTarball /tmp/npm-28368-392c6343/registry.npmjs.org/stacktrace/-/stacktrace-1.0.0.tgz not in flight; adding
315 verbose addTmpTarball already have metadata; skipping unpack for stacktrace@1.0.0
316 silly resolveWithNewModule base64@2.0.3 checking installable status
317 silly cache add args [ 'base64@2.0.3', null ]
318 verbose cache add spec base64@2.0.3
319 silly cache add parsed spec Result {
319 silly cache add   raw: 'base64@2.0.3',
319 silly cache add   scope: null,
319 silly cache add   name: 'base64',
319 silly cache add   rawSpec: '2.0.3',
319 silly cache add   spec: '2.0.3',
319 silly cache add   type: 'version' }
320 silly addNamed base64@2.0.3
321 verbose addNamed "2.0.3" is a plain semver version for base64
322 silly mapToRegistry name base64
323 silly mapToRegistry using default registry
324 silly mapToRegistry registry https://registry.npmjs.org/
325 silly mapToRegistry uri https://registry.npmjs.org/base64
326 verbose addNameVersion registry:https://registry.npmjs.org/base64 not in flight; fetching
327 verbose get https://registry.npmjs.org/base64 not expired, no request
328 silly mapToRegistry name base64
329 silly mapToRegistry using default registry
330 silly mapToRegistry registry https://registry.npmjs.org/
331 silly mapToRegistry uri https://registry.npmjs.org/base64
332 verbose addRemoteTarball https://registry.npmjs.org/base64/-/base64-2.0.3.tgz not in flight; adding
333 verbose addRemoteTarball [ 'https://registry.npmjs.org/base64/-/base64-2.0.3.tgz',
333 verbose addRemoteTarball   '8569aae254f87ab46838495312e11901a5a3da2b' ]
334 silly resolveWithNewModule libyaml@0.0.2 checking installable status
335 silly cache add args [ 'libyaml@0.0.2', null ]
336 verbose cache add spec libyaml@0.0.2
337 silly cache add parsed spec Result {
337 silly cache add   raw: 'libyaml@0.0.2',
337 silly cache add   scope: null,
337 silly cache add   name: 'libyaml',
337 silly cache add   rawSpec: '0.0.2',
337 silly cache add   spec: '0.0.2',
337 silly cache add   type: 'version' }
338 silly addNamed libyaml@0.0.2
339 verbose addNamed "0.0.2" is a plain semver version for libyaml
340 silly mapToRegistry name libyaml
341 silly mapToRegistry using default registry
342 silly mapToRegistry registry https://registry.npmjs.org/
343 silly mapToRegistry uri https://registry.npmjs.org/libyaml
344 verbose addNameVersion registry:https://registry.npmjs.org/libyaml not in flight; fetching
345 http fetch 200 https://registry.npmjs.org/iconv/-/iconv-1.1.2.tgz
346 silly cache afterAdd rewire@1.1.2
347 verbose afterAdd /home/smrcascao/.npm/rewire/1.1.2/package/package.json not in flight; writing
348 verbose get https://registry.npmjs.org/libyaml not expired, no request
349 silly mapToRegistry name libyaml
350 silly mapToRegistry using default registry
351 silly mapToRegistry registry https://registry.npmjs.org/
352 silly mapToRegistry uri https://registry.npmjs.org/libyaml
353 verbose addRemoteTarball https://registry.npmjs.org/libyaml/-/libyaml-0.0.2.tgz not in flight; adding
354 verbose addRemoteTarball [ 'https://registry.npmjs.org/libyaml/-/libyaml-0.0.2.tgz',
354 verbose addRemoteTarball   'f94ffad39104487dddad7c1dcccd1a06d4a3763c' ]
355 info retry fetch attempt 1 at 22:23:13
356 info attempt registry request try #1 at 22:23:13
357 http fetch GET https://registry.npmjs.org/base64/-/base64-2.0.3.tgz
358 silly cache afterAdd stacktrace@1.0.0
359 verbose afterAdd /home/smrcascao/.npm/stacktrace/1.0.0/package/package.json not in flight; writing
360 verbose afterAdd /home/smrcascao/.npm/rewire/1.1.2/package/package.json written
361 info retry fetch attempt 1 at 22:23:13
362 info attempt registry request try #1 at 22:23:13
363 http fetch GET https://registry.npmjs.org/libyaml/-/libyaml-0.0.2.tgz
364 verbose afterAdd /home/smrcascao/.npm/stacktrace/1.0.0/package/package.json written
365 http fetch 200 https://registry.npmjs.org/libyaml/-/libyaml-0.0.2.tgz
366 http fetch 200 https://registry.npmjs.org/base64/-/base64-2.0.3.tgz
367 silly fetchAndShaCheck shasum f94ffad39104487dddad7c1dcccd1a06d4a3763c
368 verbose addTmpTarball /tmp/npm-28368-392c6343/registry.npmjs.org/libyaml/-/libyaml-0.0.2.tgz not in flight; adding
369 verbose addTmpTarball already have metadata; skipping unpack for libyaml@0.0.2
370 silly cache afterAdd libyaml@0.0.2
371 verbose afterAdd /home/smrcascao/.npm/libyaml/0.0.2/package/package.json not in flight; writing
372 verbose afterAdd /home/smrcascao/.npm/libyaml/0.0.2/package/package.json written
373 silly fetchAndShaCheck shasum 8569aae254f87ab46838495312e11901a5a3da2b
374 verbose addTmpTarball /tmp/npm-28368-392c6343/registry.npmjs.org/base64/-/base64-2.0.3.tgz not in flight; adding
375 verbose addTmpTarball already have metadata; skipping unpack for base64@2.0.3
376 silly cache afterAdd base64@2.0.3
377 verbose afterAdd /home/smrcascao/.npm/base64/2.0.3/package/package.json not in flight; writing
378 verbose afterAdd /home/smrcascao/.npm/base64/2.0.3/package/package.json written
379 silly fetchAndShaCheck shasum 779d3bcf64c3f8c2e5ebc6637e42b1c4470b57e1
380 verbose addTmpTarball /tmp/npm-28368-392c6343/registry.npmjs.org/iconv/-/iconv-1.1.2.tgz not in flight; adding
381 verbose addTmpTarball already have metadata; skipping unpack for iconv@1.1.2
382 silly cache afterAdd iconv@1.1.2
383 verbose afterAdd /home/smrcascao/.npm/iconv/1.1.2/package/package.json not in flight; writing
384 verbose afterAdd /home/smrcascao/.npm/iconv/1.1.2/package/package.json written
385 http 200 https://registry.npmjs.org/amqp-node4
386 verbose headers { server: 'CouchDB/1.6.1 (Erlang OTP/R16B03)',
386 verbose headers   etag: '"8IQ3A5KQE3PFD6R92WENIRW0E"',
386 verbose headers   'content-type': 'application/json',
386 verbose headers   'content-encoding': 'gzip',
386 verbose headers   'cache-control': 'max-age=300',
386 verbose headers   'content-length': '9823',
386 verbose headers   'accept-ranges': 'bytes',
386 verbose headers   date: 'Fri, 26 Aug 2016 21:23:18 GMT',
386 verbose headers   via: '1.1 varnish',
386 verbose headers   age: '0',
386 verbose headers   connection: 'keep-alive',
386 verbose headers   'x-served-by': 'cache-lcy1122-LCY',
386 verbose headers   'x-cache': 'MISS',
386 verbose headers   'x-cache-hits': '0',
386 verbose headers   'x-timer': 'S1472246598.366772,VS0,VE93',
386 verbose headers   vary: 'Accept-Encoding' }
387 silly get cb [ 200,
387 silly get   { server: 'CouchDB/1.6.1 (Erlang OTP/R16B03)',
387 silly get     etag: '"8IQ3A5KQE3PFD6R92WENIRW0E"',
387 silly get     'content-type': 'application/json',
387 silly get     'content-encoding': 'gzip',
387 silly get     'cache-control': 'max-age=300',
387 silly get     'content-length': '9823',
387 silly get     'accept-ranges': 'bytes',
387 silly get     date: 'Fri, 26 Aug 2016 21:23:18 GMT',
387 silly get     via: '1.1 varnish',
387 silly get     age: '0',
387 silly get     connection: 'keep-alive',
387 silly get     'x-served-by': 'cache-lcy1122-LCY',
387 silly get     'x-cache': 'MISS',
387 silly get     'x-cache-hits': '0',
387 silly get     'x-timer': 'S1472246598.366772,VS0,VE93',
387 silly get     vary: 'Accept-Encoding' } ]
388 verbose get saving amqp-node4 to /home/smrcascao/.npm/registry.npmjs.org/amqp-node4/.cache.json
389 silly resolveWithNewModule amqp-node4@0.2.4-0 checking installable status
390 silly cache add args [ 'amqp-node4@0.2.4-0', null ]
391 verbose cache add spec amqp-node4@0.2.4-0
392 silly cache add parsed spec Result {
392 silly cache add   raw: 'amqp-node4@0.2.4-0',
392 silly cache add   scope: null,
392 silly cache add   name: 'amqp-node4',
392 silly cache add   rawSpec: '0.2.4-0',
392 silly cache add   spec: '0.2.4-0',
392 silly cache add   type: 'version' }
393 silly addNamed amqp-node4@0.2.4-0
394 verbose addNamed "0.2.4-0" is a plain semver version for amqp-node4
395 silly mapToRegistry name amqp-node4
396 silly mapToRegistry using default registry
397 silly mapToRegistry registry https://registry.npmjs.org/
398 silly mapToRegistry uri https://registry.npmjs.org/amqp-node4
399 verbose addNameVersion registry:https://registry.npmjs.org/amqp-node4 not in flight; fetching
400 verbose get https://registry.npmjs.org/amqp-node4 not expired, no request
401 silly mapToRegistry name amqp-node4
402 silly mapToRegistry using default registry
403 silly mapToRegistry registry https://registry.npmjs.org/
404 silly mapToRegistry uri https://registry.npmjs.org/amqp-node4
405 verbose addRemoteTarball https://registry.npmjs.org/amqp-node4/-/amqp-node4-0.2.4-0.tgz not in flight; adding
406 verbose addRemoteTarball [ 'https://registry.npmjs.org/amqp-node4/-/amqp-node4-0.2.4-0.tgz',
406 verbose addRemoteTarball   '48163af8f51d32dbbdbc42677fba17248b18d50d' ]
407 info retry fetch attempt 1 at 22:23:18
408 info attempt registry request try #1 at 22:23:18
409 http fetch GET https://registry.npmjs.org/amqp-node4/-/amqp-node4-0.2.4-0.tgz
410 http fetch 200 https://registry.npmjs.org/amqp-node4/-/amqp-node4-0.2.4-0.tgz
411 silly fetchAndShaCheck shasum 48163af8f51d32dbbdbc42677fba17248b18d50d
412 verbose addTmpTarball /tmp/npm-28368-392c6343/registry.npmjs.org/amqp-node4/-/amqp-node4-0.2.4-0.tgz not in flight; adding
413 verbose addTmpTarball already have metadata; skipping unpack for amqp-node4@0.2.4-0
414 silly cache afterAdd amqp-node4@0.2.4-0
415 verbose afterAdd /home/smrcascao/.npm/amqp-node4/0.2.4-0/package/package.json not in flight; writing
416 verbose afterAdd /home/smrcascao/.npm/amqp-node4/0.2.4-0/package/package.json written
417 http 200 https://registry.npmjs.org/compress-buffer-crc32
418 verbose headers { server: 'CouchDB/1.6.1 (Erlang OTP/R16B03)',
418 verbose headers   etag: '"AQJUSIQGX0ECU6WJGLX2XD3NU"',
418 verbose headers   'content-type': 'application/json',
418 verbose headers   'content-encoding': 'gzip',
418 verbose headers   'cache-control': 'max-age=300',
418 verbose headers   'content-length': '2918',
418 verbose headers   'accept-ranges': 'bytes',
418 verbose headers   date: 'Fri, 26 Aug 2016 21:23:19 GMT',
418 verbose headers   via: '1.1 varnish',
418 verbose headers   age: '0',
418 verbose headers   connection: 'keep-alive',
418 verbose headers   'x-served-by': 'cache-lcy1121-LCY',
418 verbose headers   'x-cache': 'MISS',
418 verbose headers   'x-cache-hits': '0',
418 verbose headers   'x-timer': 'S1472246598.355823,VS0,VE702',
418 verbose headers   vary: 'Accept-Encoding' }
419 silly get cb [ 200,
419 silly get   { server: 'CouchDB/1.6.1 (Erlang OTP/R16B03)',
419 silly get     etag: '"AQJUSIQGX0ECU6WJGLX2XD3NU"',
419 silly get     'content-type': 'application/json',
419 silly get     'content-encoding': 'gzip',
419 silly get     'cache-control': 'max-age=300',
419 silly get     'content-length': '2918',
419 silly get     'accept-ranges': 'bytes',
419 silly get     date: 'Fri, 26 Aug 2016 21:23:19 GMT',
419 silly get     via: '1.1 varnish',
419 silly get     age: '0',
419 silly get     connection: 'keep-alive',
419 silly get     'x-served-by': 'cache-lcy1121-LCY',
419 silly get     'x-cache': 'MISS',
419 silly get     'x-cache-hits': '0',
419 silly get     'x-timer': 'S1472246598.355823,VS0,VE702',
419 silly get     vary: 'Accept-Encoding' } ]
420 verbose get saving compress-buffer-crc32 to /home/smrcascao/.npm/registry.npmjs.org/compress-buffer-crc32/.cache.json
421 silly resolveWithNewModule compress-buffer-crc32@1.2.12 checking installable status
422 silly cache add args [ 'compress-buffer-crc32@>=1.2.8', null ]
423 verbose cache add spec compress-buffer-crc32@>=1.2.8
424 silly cache add parsed spec Result {
424 silly cache add   raw: 'compress-buffer-crc32@>=1.2.8',
424 silly cache add   scope: null,
424 silly cache add   name: 'compress-buffer-crc32',
424 silly cache add   rawSpec: '>=1.2.8',
424 silly cache add   spec: '>=1.2.8',
424 silly cache add   type: 'range' }
425 silly addNamed compress-buffer-crc32@>=1.2.8
426 verbose addNamed ">=1.2.8" is a valid semver range for compress-buffer-crc32
427 silly addNameRange { name: 'compress-buffer-crc32',
427 silly addNameRange   range: '>=1.2.8',
427 silly addNameRange   hasData: false }
428 silly mapToRegistry name compress-buffer-crc32
429 silly mapToRegistry using default registry
430 silly mapToRegistry registry https://registry.npmjs.org/
431 silly mapToRegistry uri https://registry.npmjs.org/compress-buffer-crc32
432 verbose addNameRange registry:https://registry.npmjs.org/compress-buffer-crc32 not in flight; fetching
433 verbose get https://registry.npmjs.org/compress-buffer-crc32 not expired, no request
434 silly addNameRange number 2 { name: 'compress-buffer-crc32',
434 silly addNameRange   range: '>=1.2.8',
434 silly addNameRange   hasData: true }
435 silly addNameRange versions [ 'compress-buffer-crc32',
435 silly addNameRange   [ '1.2.0',
435 silly addNameRange     '1.2.1',
435 silly addNameRange     '1.2.2',
435 silly addNameRange     '1.2.3',
435 silly addNameRange     '1.2.4',
435 silly addNameRange     '1.2.5',
435 silly addNameRange     '1.2.6',
435 silly addNameRange     '1.2.7',
435 silly addNameRange     '1.2.8',
435 silly addNameRange     '1.2.9',
435 silly addNameRange     '1.2.10',
435 silly addNameRange     '1.2.11',
435 silly addNameRange     '1.2.12' ] ]
436 silly addNamed compress-buffer-crc32@1.2.12
437 verbose addNamed "1.2.12" is a plain semver version for compress-buffer-crc32
438 silly mapToRegistry name compress-buffer-crc32
439 silly mapToRegistry using default registry
440 silly mapToRegistry registry https://registry.npmjs.org/
441 silly mapToRegistry uri https://registry.npmjs.org/compress-buffer-crc32
442 verbose addRemoteTarball https://registry.npmjs.org/compress-buffer-crc32/-/compress-buffer-crc32-1.2.12.tgz not in flight; adding
443 verbose addRemoteTarball [ 'https://registry.npmjs.org/compress-buffer-crc32/-/compress-buffer-crc32-1.2.12.tgz',
443 verbose addRemoteTarball   '135e4b0142aa2f8c1e35955a78a9bf71041e13a3' ]
444 info retry fetch attempt 1 at 22:23:19
445 info attempt registry request try #1 at 22:23:19
446 http fetch GET https://registry.npmjs.org/compress-buffer-crc32/-/compress-buffer-crc32-1.2.12.tgz
447 http fetch 200 https://registry.npmjs.org/compress-buffer-crc32/-/compress-buffer-crc32-1.2.12.tgz
448 silly fetchAndShaCheck shasum 135e4b0142aa2f8c1e35955a78a9bf71041e13a3
449 verbose addTmpTarball /tmp/npm-28368-392c6343/registry.npmjs.org/compress-buffer-crc32/-/compress-buffer-crc32-1.2.12.tgz not in flight; adding
450 verbose addTmpTarball already have metadata; skipping unpack for compress-buffer-crc32@1.2.12
451 silly cache afterAdd compress-buffer-crc32@1.2.12
452 verbose afterAdd /home/smrcascao/.npm/compress-buffer-crc32/1.2.12/package/package.json not in flight; writing
453 verbose afterAdd /home/smrcascao/.npm/compress-buffer-crc32/1.2.12/package/package.json written
454 silly rollbackFailedOptional Starting
455 silly rollbackFailedOptional Finishing
456 silly runTopLevelLifecycles Starting
457 silly runTopLevelLifecycles Finishing
458 silly install printInstalled
459 verbose stack Error: Command failed: git clone --template=/home/smrcascao/.npm/_git-remotes/_templates --mirror http://stash.grupa.onet/scm/oacc/node04-knox.git /home/smrcascao/.npm/_git-remotes/git-http-stash-grupa-onet-scm-oacc-node04-knox-git-dl-0-8-6-node4-2a4e277a
459 verbose stack Cloning into bare repository '/home/smrcascao/.npm/_git-remotes/git-http-stash-grupa-onet-scm-oacc-node04-knox-git-dl-0-8-6-node4-2a4e277a'...
459 verbose stack fatal: unable to access 'http://stash.grupa.onet/scm/oacc/node04-knox.git/': Could not resolve host: stash.grupa.onet
459 verbose stack
459 verbose stack     at ChildProcess.exithandler (child_process.js:213:12)
459 verbose stack     at emitTwo (events.js:87:13)
459 verbose stack     at ChildProcess.emit (events.js:172:7)
459 verbose stack     at maybeClose (internal/child_process.js:821:16)
459 verbose stack     at Process.ChildProcess._handle.onexit (internal/child_process.js:211:5)
460 verbose cwd /home/smrcascao/gitPTExercicio/angular2-webpack-starter/Exemplo
461 error Linux 4.4.0-34-generic
462 error argv "/usr/bin/nodejs" "/usr/bin/npm" "install" "core"
463 error node v4.2.6
464 error npm  v3.5.2
465 error code 128
466 error Command failed: git clone --template=/home/smrcascao/.npm/_git-remotes/_templates --mirror http://stash.grupa.onet/scm/oacc/node04-knox.git /home/smrcascao/.npm/_git-remotes/git-http-stash-grupa-onet-scm-oacc-node04-knox-git-dl-0-8-6-node4-2a4e277a
466 error Cloning into bare repository '/home/smrcascao/.npm/_git-remotes/git-http-stash-grupa-onet-scm-oacc-node04-knox-git-dl-0-8-6-node4-2a4e277a'...
466 error fatal: unable to access 'http://stash.grupa.onet/scm/oacc/node04-knox.git/': Could not resolve host: stash.grupa.onet
467 error If you need help, you may report this error at:
467 error     <https://github.com/npm/npm/issues>
468 verbose exit [ 1, true ]
